2025-12-12 19:57:08,046 - INFO - Intentando login con usuario: standard_user
2025-12-12 19:57:08,729 - INFO - Login exitoso validado correctamente.
2025-12-12 19:57:09,942 - INFO - Intentando login con usuario: admin
2025-12-12 19:57:10,569 - INFO - Login fallido validado correctamente.
2025-12-12 19:58:52,295 - INFO - Intentando login con usuario: standard_user
2025-12-12 19:58:53,082 - INFO - Login exitoso validado correctamente.
2025-12-12 19:58:54,311 - INFO - Intentando login con usuario: admin
2025-12-12 19:58:54,965 - INFO - Login fallido validado correctamente.
2025-12-13 14:31:04,876 | INFO | qa_automation | INICIO TEST: test_agregar_primer_producto_al_carrito
2025-12-13 14:31:04,877 | INFO | qa_automation | === INICIO SESIÓN DE TESTS ===
2025-12-13 14:31:23,470 | INFO | qa_automation | INICIO TEST: test_agregar_primer_producto_al_carrito
2025-12-13 14:31:23,471 | INFO | qa_automation | === INICIO SESIÓN DE TESTS ===
2025-12-13 14:35:00,264 | INFO | qa_automation | === FIN SESIÓN DE TESTS ===
2025-12-13 14:43:13,359 | INFO | qa_automation | INICIO TEST: test_agregar_primer_producto_al_carrito
2025-12-13 14:43:13,359 | INFO | qa_automation | === INICIO SESIÓN DE TESTS ===
2025-12-13 14:47:42,922 | INFO | qa_automation | === FIN SESIÓN DE TESTS ===
2025-12-13 14:47:48,154 | INFO | qa_automation | INICIO TEST: test_agregar_primer_producto_al_carrito
2025-12-13 14:47:48,154 | INFO | qa_automation | === INICIO SESIÓN DE TESTS ===
2025-12-13 14:47:54,084 | INFO | qa_automation | === FIN SESIÓN DE TESTS ===
2025-12-13 14:56:07,048 | INFO | qa_automation | INICIO TEST: test_agregar_primer_producto_al_carrito
2025-12-13 14:56:07,048 | INFO | qa_automation | === INICIO SESIÓN DE TESTS ===
2025-12-13 14:57:43,961 | INFO | qa_automation | === FIN SESIÓN DE TESTS ===
2025-12-13 15:04:22,513 | INFO | qa_automation | INICIO TEST: test_agregar_primer_producto_al_carrito
2025-12-13 15:04:22,513 | INFO | qa_automation | === INICIO SESIÓN DE TESTS ===
2025-12-13 15:07:40,742 | INFO | qa_automation | === FIN SESIÓN DE TESTS ===
2025-12-13 15:07:43,818 | INFO | qa_automation | INICIO TEST: test_agregar_primer_producto_al_carrito
2025-12-13 15:07:43,819 | INFO | qa_automation | === INICIO SESIÓN DE TESTS ===
2025-12-13 15:12:14,874 | INFO | qa_automation | INICIO TEST: test_agregar_primer_producto_al_carrito
2025-12-13 15:28:03,900 | INFO | qa_automation | INICIO TEST: test_agregar_primer_producto_al_carrito
2025-12-13 15:43:42,147 | INFO | qa_automation | INICIO TEST: test_agregar_primer_producto_al_carrito
2025-12-13 15:48:26,241 | INFO | qa_automation | INICIO TEST: test_agregar_primer_producto_al_carrito
2025-12-13 15:55:23,774 | INFO | qa_automation | INICIO TEST: test_agregar_primer_producto_al_carrito
2025-12-13 16:54:07,972 | INFO | qa_automation | FIN TEST: test_agregar_primer_producto_al_carrito
2025-12-13 19:06:47,650 | INFO | qa_automation | INICIO TEST: test_agregar_primer_producto_al_carrito
2025-12-13 19:06:52,022 | INFO | qa_automation | FIN TEST: test_agregar_primer_producto_al_carrito
2025-12-13 19:08:06,131 | INFO | qa_automation | INICIO TEST: test_agregar_primer_producto_al_carrito
2025-12-13 19:08:09,204 | INFO | qa_automation | FIN TEST: test_agregar_primer_producto_al_carrito
2025-12-13 19:08:17,270 | INFO | qa_automation | INICIO TEST: test_agregar_primer_producto_al_carrito
2025-12-13 19:08:20,250 | INFO | qa_automation | FIN TEST: test_agregar_primer_producto_al_carrito
2025-12-13 19:08:20,328 | INFO | qa_automation | INICIO TEST: test_catalogo_productos
2025-12-13 19:08:22,836 | INFO | qa_automation | FIN TEST: test_catalogo_productos
2025-12-13 19:08:22,901 | INFO | qa_automation | INICIO TEST: test_login_desde_csv
2025-12-13 19:08:24,312 | INFO | qa_automation | Intentando login con usuario: standard_user
2025-12-13 19:08:25,395 | INFO | qa_automation | Login exitoso validado correctamente.
2025-12-13 19:08:25,407 | INFO | qa_automation | Intentando login con usuario: admin
2025-12-13 19:08:25,527 | INFO | qa_automation | Login fallido validado correctamente.
2025-12-13 19:08:25,527 | INFO | qa_automation | FIN TEST: test_login_desde_csv
2025-12-13 19:08:48,311 | INFO | qa_automation | INICIO TEST: test_agregar_primer_producto_al_carrito
2025-12-13 19:08:50,376 | INFO | qa_automation | FIN TEST: test_agregar_primer_producto_al_carrito
2025-12-13 19:08:50,444 | INFO | qa_automation | INICIO TEST: test_catalogo_productos
2025-12-13 19:08:52,272 | INFO | qa_automation | FIN TEST: test_catalogo_productos
2025-12-13 19:08:52,343 | INFO | qa_automation | INICIO TEST: test_login_desde_csv
2025-12-13 19:08:53,483 | INFO | qa_automation | Intentando login con usuario: standard_user
2025-12-13 19:08:54,077 | INFO | qa_automation | Login exitoso validado correctamente.
2025-12-13 19:08:54,088 | INFO | qa_automation | Intentando login con usuario: admin
2025-12-13 19:08:54,205 | INFO | qa_automation | Login fallido validado correctamente.
2025-12-13 19:08:54,206 | INFO | qa_automation | FIN TEST: test_login_desde_csv
2025-12-13 19:09:44,648 | INFO | qa_automation | INICIO TEST: test_agregar_primer_producto_al_carrito
2025-12-13 19:09:46,958 | INFO | qa_automation | FIN TEST: test_agregar_primer_producto_al_carrito
2025-12-13 19:09:47,030 | INFO | qa_automation | INICIO TEST: test_catalogo_productos
2025-12-13 19:09:48,838 | INFO | qa_automation | FIN TEST: test_catalogo_productos
2025-12-13 19:09:48,907 | INFO | qa_automation | INICIO TEST: test_login_desde_csv
2025-12-13 19:09:50,023 | INFO | qa_automation | Intentando login con usuario: standard_user
2025-12-13 19:09:50,637 | INFO | qa_automation | Login exitoso validado correctamente.
2025-12-13 19:09:50,642 | INFO | qa_automation | Intentando login con usuario: admin
2025-12-13 19:09:50,774 | INFO | qa_automation | Login fallido validado correctamente.
2025-12-13 19:09:50,774 | INFO | qa_automation | FIN TEST: test_login_desde_csv
